<?xml version="1.0" encoding="UTF-8"?>
<testsuites name="jest tests" tests="1" failures="0" errors="0" time="0.821">
  <testsuite name="services\encryption.test.js" errors="0" failures="0" skipped="0" timestamp="2022-03-05T20:40:47" time="0.542" tests="1">
    <testcase classname="Encryption Tests Testing hashing" name="Encryption Tests Testing hashing" time="0.071">
    </testcase>
  </testsuite>
</testsuites>