<?xml version="1.0" encoding="UTF-8"?>
<testsuites name="jest tests" tests="1" failures="0" errors="0" time="1.108">
  <testsuite name="services\encryption.test.js" errors="0" failures="0" skipped="0" timestamp="2022-03-05T18:11:01" time="0.693" tests="1">
    <testcase classname="Encryption Tests Testing hashing" name="Encryption Tests Testing hashing" time="0.09">
    </testcase>
  </testsuite>
</testsuites>